TN:
SF:apps/web/src/router.tsx
FN:7,(anonymous_0)
FN:14,(anonymous_1)
FNF:2
FNH:2
FNDA:6,(anonymous_0)
FNDA:3,(anonymous_1)
DA:7,2
DA:8,6
DA:10,6
DA:15,3
DA:23,6
DA:25,6
LF:6
LH:6
BRF:0
BRH:0
end_of_record
TN:
SF:apps/web/src/start.ts
FN:8,resolveServerFnPath
FN:29,(anonymous_1)
FN:38,(anonymous_2)
FN:60,(anonymous_3)
FN:65,(anonymous_4)
FN:97,(anonymous_5)
FNF:6
FNH:6
FNDA:17,resolveServerFnPath
FNDA:23,(anonymous_1)
FNDA:78,(anonymous_2)
FNDA:23,(anonymous_3)
FNDA:23,(anonymous_4)
FNDA:23,(anonymous_5)
DA:6,1
DA:9,17
DA:10,0
DA:11,0
DA:12,0
DA:13,0
DA:17,0
DA:20,0
DA:21,0
DA:23,0
DA:27,1
DA:29,1
DA:30,23
DA:31,23
DA:32,23
DA:33,23
DA:35,23
DA:38,78
DA:40,6
DA:42,17
DA:44,17
DA:45,17
DA:46,16
DA:47,16
DA:48,16
DA:50,23
DA:52,23
DA:54,1
DA:55,1
DA:56,1
DA:60,1
DA:61,23
DA:62,22
DA:65,1
DA:66,23
DA:67,23
DA:68,23
DA:73,1
DA:75,22
DA:76,21
DA:77,4
DA:78,4
DA:82,3
DA:83,1
DA:85,17
DA:86,1
DA:87,16
DA:88,4
DA:91,3
DA:94,13
DA:97,23
LF:51
LH:43
BRDA:9,0,0,17
BRDA:9,0,1,0
BRDA:35,1,0,6
BRDA:35,1,1,17
BRDA:36,2,0,23
BRDA:36,2,1,22
BRDA:36,2,2,21
BRDA:48,3,0,1
BRDA:48,3,1,15
BRDA:48,4,0,11
BRDA:48,4,1,4
BRDA:68,5,0,1
BRDA:68,5,1,22
BRDA:69,6,0,23
BRDA:69,6,1,1
BRDA:69,6,2,1
BRDA:75,7,0,1
BRDA:75,7,1,21
BRDA:75,8,0,22
BRDA:75,8,1,22
BRDA:76,9,0,4
BRDA:76,9,1,17
BRDA:76,10,0,21
BRDA:76,10,1,4
BRDA:78,11,0,3
BRDA:78,11,1,1
BRDA:79,12,0,4
BRDA:79,12,1,2
BRDA:85,13,0,1
BRDA:85,13,1,16
BRDA:85,14,0,17
BRDA:85,14,1,2
BRDA:87,15,0,4
BRDA:87,15,1,12
BRDA:88,16,0,3
BRDA:88,16,1,1
BRF:36
BRH:35
end_of_record
TN:
SF:apps/web/src/app/index.ts
FNF:0
FNH:0
LF:0
LH:0
BRF:0
BRH:0
end_of_record
TN:
SF:apps/web/src/app/components/layout/Footer.tsx
FN:5,Footer
FN:36,(anonymous_1)
FN:52,(anonymous_2)
FNF:3
FNH:3
FNDA:6,Footer
FNDA:24,(anonymous_1)
FNDA:18,(anonymous_2)
DA:6,6
DA:8,6
DA:37,24
DA:53,18
DA:54,18
LF:5
LH:5
BRDA:59,0,0,6
BRDA:59,0,1,12
BRDA:62,1,0,6
BRDA:62,1,1,12
BRF:4
BRH:4
end_of_record
TN:
SF:apps/web/src/app/components/layout/Header.tsx
FN:14,(anonymous_0)
FN:19,Header
FN:24,(anonymous_2)
FN:25,(anonymous_3)
FN:26,(anonymous_4)
FN:35,(anonymous_5)
FNF:6
FNH:6
FNDA:16,(anonymous_0)
FNDA:15,Header
FNDA:8,(anonymous_2)
FNDA:14,(anonymous_3)
FNDA:14,(anonymous_4)
FNDA:8,(anonymous_5)
DA:1,4
DA:14,16
DA:20,15
DA:21,15
DA:22,15
DA:24,15
DA:25,8
DA:26,14
DA:27,14
DA:28,14
DA:32,8
DA:33,8
DA:35,8
DA:38,15
LF:14
LH:14
BRDA:22,0,0,15
BRDA:22,0,1,6
BRDA:28,1,0,10
BRDA:28,1,1,4
BRDA:41,2,0,3
BRDA:41,2,1,12
BRDA:65,3,0,15
BRDA:65,3,1,14
BRF:8
BRH:8
end_of_record
TN:
SF:apps/web/src/app/components/layout/MobileNav.tsx
FN:15,(anonymous_0)
FN:20,MobileNav
FN:25,(anonymous_2)
FN:55,(anonymous_3)
FN:57,(anonymous_4)
FNF:5
FNH:5
FNDA:20,(anonymous_0)
FNDA:34,MobileNav
FNDA:4,(anonymous_2)
FNDA:1,(anonymous_3)
FNDA:1,(anonymous_4)
DA:1,5
DA:15,20
DA:21,34
DA:22,34
DA:23,34
DA:25,34
DA:27,34
DA:56,1
DA:57,1
DA:58,1
LF:10
LH:10
BRDA:23,0,0,34
BRDA:23,0,1,11
BRDA:35,1,0,34
BRDA:35,1,1,31
BRDA:44,2,0,23
BRDA:44,2,1,11
BRF:6
BRH:6
end_of_record
TN:
SF:apps/web/src/app/components/layout/UserMenu.tsx
FN:19,getInitials
FN:23,(anonymous_1)
FN:29,UserMenu
FN:80,(anonymous_3)
FN:82,(anonymous_4)
FNF:5
FNH:5
FNDA:15,getInitials
FNDA:23,(anonymous_1)
FNDA:23,UserMenu
FNDA:2,(anonymous_3)
FNDA:1,(anonymous_4)
DA:1,5
DA:20,15
DA:21,12
DA:23,23
DA:30,23
DA:32,23
DA:34,22
DA:35,7
DA:47,15
DA:81,2
DA:82,2
DA:83,1
LF:12
LH:12
BRDA:20,0,0,3
BRDA:20,0,1,12
BRDA:32,1,0,1
BRDA:32,1,1,22
BRDA:34,2,0,7
BRDA:34,2,1,15
BRDA:64,3,0,15
BRDA:64,3,1,3
BRDA:64,3,2,1
BRF:9
BRH:9
end_of_record
TN:
SF:apps/web/src/app/config/navigation.ts
FNF:0
FNH:0
DA:3,6
DA:10,6
LF:2
LH:2
BRF:0
BRH:0
end_of_record
TN:
SF:apps/web/src/app/lib/web-vitals.ts
FN:3,sendMetric
FN:10,reportWebVitals
FN:12,(anonymous_2)
FN:19,(anonymous_3)
FNF:4
FNH:2
FNDA:0,sendMetric
FNDA:1,reportWebVitals
FNDA:1,(anonymous_2)
FNDA:0,(anonymous_3)
DA:4,0
DA:5,0
DA:6,0
DA:11,1
DA:13,1
DA:14,1
DA:15,1
DA:16,1
DA:17,1
LF:9
LH:6
BRDA:4,0,0,0
BRDA:4,0,1,0
BRF:2
BRH:0
end_of_record
TN:
SF:apps/web/src/features/about/index.ts
FNF:0
FNH:0
LF:0
LH:0
BRF:0
BRH:0
end_of_record
TN:
SF:apps/web/src/features/about/components/AboutHero.tsx
FN:4,AboutHero
FNF:1
FNH:1
FNDA:13,AboutHero
DA:5,13
LF:1
LH:1
BRF:0
BRH:0
end_of_record
TN:
SF:apps/web/src/features/about/components/Timeline.tsx
FN:49,Timeline
FN:67,(anonymous_1)
FNF:2
FNH:2
FNDA:13,Timeline
FNDA:65,(anonymous_1)
DA:11,2
DA:50,13
DA:68,65
LF:3
LH:3
BRDA:71,0,0,39
BRDA:71,0,1,26
BRDA:77,1,0,0
BRDA:77,1,1,65
BRDA:82,2,0,65
BRDA:82,2,1,0
BRDA:89,3,0,39
BRDA:89,3,1,26
BRDA:95,4,0,0
BRDA:95,4,1,65
BRDA:100,5,0,65
BRDA:100,5,1,0
BRF:12
BRH:8
end_of_record
TN:
SF:apps/web/src/features/about/components/ValueIcon.tsx
FN:5,ValueIcon
FNF:1
FNH:1
FNDA:28,ValueIcon
DA:6,28
LF:1
LH:1
BRF:0
BRH:0
end_of_record
TN:
SF:apps/web/src/features/contact/index.ts
FNF:0
FNH:0
LF:0
LH:0
BRF:0
BRH:0
end_of_record
TN:
SF:apps/web/src/features/contact/components/ContactForm.tsx
FN:14,ContactForm
FN:33,(anonymous_1)
FN:42,onSubmit
FN:76,(anonymous_3)
FNF:4
FNH:4
FNDA:37,ContactForm
FNDA:15,(anonymous_1)
FNDA:5,onSubmit
FNDA:1,(anonymous_3)
DA:1,2
DA:15,37
DA:16,37
DA:17,37
DA:19,37
DA:33,37
DA:34,15
DA:35,2
DA:37,15
DA:38,2
DA:43,5
DA:45,5
DA:46,5
DA:59,4
DA:63,4
DA:64,4
DA:66,1
DA:67,1
DA:71,5
DA:75,37
DA:76,4
DA:79,33
LF:22
LH:22
BRDA:34,0,0,2
BRDA:34,0,1,13
BRDA:37,1,0,2
BRDA:37,1,1,13
BRDA:50,2,0,5
BRDA:50,2,1,4
BRDA:51,3,0,5
BRDA:51,3,1,4
BRDA:75,4,0,4
BRDA:75,4,1,33
BRF:10
BRH:10
end_of_record
TN:
SF:apps/web/src/features/contact/components/ContactFormFields.tsx
FN:31,ContactFormFields
FN:44,(anonymous_1)
FN:65,(anonymous_2)
FN:88,(anonymous_3)
FN:107,(anonymous_4)
FN:154,(anonymous_5)
FNF:6
FNH:6
FNDA:36,ContactFormFields
FNDA:45,(anonymous_1)
FNDA:45,(anonymous_2)
FNDA:39,(anonymous_3)
FNDA:39,(anonymous_4)
FNDA:44,(anonymous_5)
DA:37,36
DA:45,45
DA:66,45
DA:89,39
DA:108,39
DA:155,44
LF:6
LH:6
BRDA:176,0,0,1
BRDA:176,0,1,35
BRF:2
BRH:2
end_of_record
TN:
SF:apps/web/src/features/contact/components/ContactFormSuccess.tsx
FN:7,ContactFormSuccess
FNF:1
FNH:1
FNDA:6,ContactFormSuccess
DA:8,6
LF:1
LH:1
BRF:0
BRH:0
end_of_record
TN:
SF:apps/web/src/features/contact/lib/contact-form.schema.ts
FNF:0
FNH:0
DA:3,3
DA:10,3
DA:17,3
DA:24,3
DA:52,3
DA:59,3
DA:66,3
LF:7
LH:7
BRF:0
BRH:0
end_of_record
TN:
SF:apps/web/src/features/home/index.ts
FNF:0
FNH:0
LF:0
LH:0
BRF:0
BRH:0
end_of_record
TN:
SF:apps/web/src/features/home/components/FeaturedWork.tsx
FN:12,FeaturedWork
FN:46,(anonymous_1)
FN:68,(anonymous_2)
FNF:3
FNH:3
FNDA:15,FeaturedWork
FNDA:22,(anonymous_1)
FNDA:66,(anonymous_2)
DA:13,15
DA:14,1
DA:17,14
DA:47,22
DA:69,66
LF:5
LH:5
BRDA:13,0,0,1
BRDA:13,0,1,14
BRF:2
BRH:2
end_of_record
TN:
SF:apps/web/src/features/home/components/Hero.tsx
FN:17,Hero
FN:87,(anonymous_1)
FNF:2
FNH:2
FNDA:15,Hero
FNDA:45,(anonymous_1)
DA:11,2
DA:18,15
DA:19,15
DA:21,15
DA:88,45
LF:5
LH:5
BRDA:19,0,0,15
BRDA:19,0,1,11
BRDA:67,1,0,15
BRDA:67,1,1,13
BRF:4
BRH:4
end_of_record
TN:
SF:apps/web/src/features/home/components/ServicesGrid.tsx
FN:43,ServicesGrid
FN:60,(anonymous_1)
FN:76,(anonymous_2)
FNF:3
FNH:3
FNDA:11,ServicesGrid
FNDA:33,(anonymous_1)
FNDA:132,(anonymous_2)
DA:19,2
DA:44,11
DA:61,33
DA:77,132
LF:4
LH:4
BRF:0
BRH:0
end_of_record
TN:
SF:apps/web/src/features/home/components/SkillsShowcase.tsx
FN:34,SkillsShowcase
FN:51,(anonymous_1)
FN:60,(anonymous_2)
FNF:3
FNH:3
FNDA:13,SkillsShowcase
FNDA:52,(anonymous_1)
FNDA:312,(anonymous_2)
DA:8,2
DA:35,13
DA:52,52
DA:61,312
LF:4
LH:4
BRF:0
BRH:0
end_of_record
TN:
SF:apps/web/src/features/inquiries/index.ts
FNF:0
FNH:0
LF:0
LH:0
BRF:0
BRH:0
end_of_record
TN:
SF:apps/web/src/features/inquiries/lib/inquiries.ts
FNF:0
FNH:0
DA:2,9
DA:10,9
DA:17,9
DA:24,9
LF:4
LH:4
BRF:0
BRH:0
end_of_record
TN:
SF:apps/web/src/features/inquiries/server-fns/inquiries.ts
FN:23,normalizeInquiryStatus
FN:30,accessibleInquiry
FN:58,(anonymous_2)
FN:70,(anonymous_3)
FN:80,(anonymous_4)
FN:92,(anonymous_5)
FN:103,(anonymous_6)
FN:115,(anonymous_7)
FN:121,(anonymous_8)
FN:132,(anonymous_9)
FNF:10
FNH:10
FNDA:91,normalizeInquiryStatus
FNDA:72,accessibleInquiry
FNDA:19,(anonymous_2)
FNDA:1,(anonymous_3)
FNDA:53,(anonymous_4)
FNDA:36,(anonymous_5)
FNDA:11,(anonymous_6)
FNDA:29,(anonymous_7)
FNDA:9,(anonymous_8)
FNDA:7,(anonymous_9)
DA:24,91
DA:31,72
DA:32,72
DA:33,72
DA:34,72
DA:35,72
DA:36,2
DA:37,70
DA:40,9
DA:56,9
DA:59,19
DA:60,19
DA:61,1
DA:62,18
DA:63,19
DA:69,9
DA:71,1
DA:72,1
DA:73,1
DA:79,9
DA:81,53
DA:82,53
DA:83,53
DA:86,39
DA:90,9
DA:93,36
DA:96,9
DA:104,11
DA:105,10
DA:106,10
DA:113,9
DA:116,29
DA:117,29
DA:121,29
DA:124,9
DA:133,7
DA:134,7
DA:135,1
DA:136,6
LF:39
LH:39
BRDA:26,0,0,91
BRDA:26,0,1,3
BRDA:35,1,0,2
BRDA:35,1,1,70
BRDA:35,2,0,72
BRDA:35,2,1,64
BRDA:60,3,0,1
BRDA:60,3,1,18
BRDA:60,4,0,19
BRDA:60,4,1,2
BRDA:62,5,0,17
BRDA:62,5,1,1
BRDA:65,6,0,19
BRDA:65,6,1,17
BRDA:83,7,0,13
BRDA:83,7,1,40
BRDA:121,8,0,3
BRDA:121,8,1,26
BRDA:134,9,0,1
BRDA:134,9,1,6
BRDA:134,10,0,7
BRDA:134,10,1,2
BRF:22
BRH:22
end_of_record
TN:
SF:apps/web/src/features/notifications/index.ts
FNF:0
FNH:0
LF:0
LH:0
BRF:0
BRH:0
end_of_record
TN:
SF:apps/web/src/features/notifications/components/NotificationBell.tsx
FN:29,NotificationBell
FN:37,(anonymous_1)
FN:44,(anonymous_2)
FN:50,(anonymous_3)
FN:51,(anonymous_4)
FN:55,(anonymous_5)
FN:61,(anonymous_6)
FN:62,(anonymous_7)
FN:63,(anonymous_8)
FN:66,(anonymous_9)
FN:68,(anonymous_10)
FN:71,(anonymous_11)
FN:86,(anonymous_12)
FN:127,(anonymous_13)
FN:143,(anonymous_14)
FN:146,(anonymous_15)
FNF:16
FNH:16
FNDA:82,NotificationBell
FNDA:50,(anonymous_1)
FNDA:60,(anonymous_2)
FNDA:2,(anonymous_3)
FNDA:1,(anonymous_4)
FNDA:1,(anonymous_5)
FNDA:3,(anonymous_6)
FNDA:2,(anonymous_7)
FNDA:1,(anonymous_8)
FNDA:26,(anonymous_9)
FNDA:6,(anonymous_10)
FNDA:6,(anonymous_11)
FNDA:5,(anonymous_12)
FNDA:2,(anonymous_13)
FNDA:35,(anonymous_14)
FNDA:5,(anonymous_15)
DA:1,13
DA:30,82
DA:31,82
DA:32,82
DA:33,82
DA:35,82
DA:37,50
DA:42,82
DA:44,60
DA:49,82
DA:50,2
DA:52,1
DA:53,1
DA:56,1
DA:60,82
DA:61,3
DA:62,2
DA:63,1
DA:66,82
DA:67,26
DA:68,21
DA:70,6
DA:72,6
DA:74,6
DA:75,6
DA:76,5
DA:77,5
DA:78,5
DA:81,21
DA:84,82
DA:86,82
DA:88,5
DA:89,3
DA:91,5
DA:96,82
DA:98,75
DA:128,2
DA:129,2
DA:144,35
DA:146,5
LF:40
LH:40
BRDA:35,0,0,82
BRDA:42,1,0,82
BRDA:67,2,0,5
BRDA:67,2,1,21
BRDA:72,3,0,6
BRDA:72,3,1,1
BRDA:75,4,0,5
BRDA:75,4,1,1
BRDA:77,5,0,5
BRDA:77,5,1,2
BRDA:78,6,0,5
BRDA:78,6,1,1
BRDA:88,7,0,3
BRDA:88,7,1,2
BRDA:96,8,0,7
BRDA:96,8,1,75
BRDA:111,9,0,75
BRDA:111,9,1,27
BRDA:113,10,0,1
BRDA:113,10,1,26
BRDA:122,11,0,82
BRDA:122,11,1,27
BRDA:138,12,0,44
BRDA:138,12,1,31
BRDA:148,13,0,3
BRDA:148,13,1,32
BRF:26
BRH:26
end_of_record
TN:
SF:apps/web/src/features/notifications/components/NotificationRow.tsx
FN:19,NotificationRow
FN:35,(anonymous_1)
FN:38,(anonymous_2)
FN:45,(anonymous_3)
FN:48,(anonymous_4)
FNF:5
FNH:5
FNDA:266,NotificationRow
FNDA:3,(anonymous_1)
FNDA:3,(anonymous_2)
FNDA:12,(anonymous_3)
FNDA:6,(anonymous_4)
DA:26,266
DA:27,266
DA:28,266
DA:30,266
DA:35,3
DA:39,3
DA:40,2
DA:41,2
DA:45,12
DA:48,6
LF:10
LH:10
BRDA:27,0,0,266
BRDA:27,0,1,9
BRDA:33,1,0,250
BRDA:33,1,1,16
BRDA:39,2,0,2
BRDA:39,2,1,1
BRDA:39,3,0,3
BRDA:39,3,1,2
BRDA:61,4,0,250
BRDA:61,4,1,16
BRDA:68,5,0,266
BRDA:68,5,1,250
BRF:12
BRH:12
end_of_record
TN:
SF:apps/web/src/features/notifications/hooks/EventStreamProvider.tsx
FN:30,EventStreamProvider
FN:34,(anonymous_1)
FN:58,(anonymous_2)
FN:62,(anonymous_3)
FN:66,(anonymous_4)
FN:68,(anonymous_5)
FN:75,(anonymous_6)
FN:83,(anonymous_7)
FN:90,(anonymous_8)
FN:112,(anonymous_9)
FN:125,(anonymous_10)
FN:137,(anonymous_11)
FN:138,(anonymous_12)
FN:165,(anonymous_13)
FN:180,(anonymous_14)
FN:186,(anonymous_15)
FN:197,(anonymous_16)
FN:202,(anonymous_17)
FN:209,(anonymous_18)
FN:220,(anonymous_19)
FN:228,(anonymous_20)
FN:233,(anonymous_21)
FN:241,(anonymous_22)
FN:243,(anonymous_23)
FN:265,(anonymous_24)
FN:297,(anonymous_25)
FN:321,(anonymous_26)
FN:330,(anonymous_27)
FNF:28
FNH:28
FNDA:369,EventStreamProvider
FNDA:143,(anonymous_1)
FNDA:61,(anonymous_2)
FNDA:27,(anonymous_3)
FNDA:11,(anonymous_4)
FNDA:60,(anonymous_5)
FNDA:163,(anonymous_6)
FNDA:1,(anonymous_7)
FNDA:15,(anonymous_8)
FNDA:39,(anonymous_9)
FNDA:10,(anonymous_10)
FNDA:1630,(anonymous_11)
FNDA:21,(anonymous_12)
FNDA:1,(anonymous_13)
FNDA:1,(anonymous_14)
FNDA:40,(anonymous_15)
FNDA:36,(anonymous_16)
FNDA:257,(anonymous_17)
FNDA:250,(anonymous_18)
FNDA:143,(anonymous_19)
FNDA:23,(anonymous_20)
FNDA:11,(anonymous_21)
FNDA:14,(anonymous_22)
FNDA:2,(anonymous_23)
FNDA:23,(anonymous_24)
FNDA:3,(anonymous_25)
FNDA:11,(anonymous_26)
FNDA:132,(anonymous_27)
DA:19,15
DA:23,15
DA:24,15
DA:25,15
DA:26,15
DA:27,15
DA:28,15
DA:31,369
DA:32,369
DA:33,369
DA:34,369
DA:35,143
DA:36,143
DA:37,133
DA:38,133
DA:40,143
DA:42,369
DA:43,369
DA:44,369
DA:45,369
DA:46,369
DA:47,369
DA:50,369
DA:51,369
DA:52,369
DA:53,369
DA:54,369
DA:55,369
DA:56,369
DA:58,369
DA:59,61
DA:60,60
DA:61,60
DA:62,27
DA:66,369
DA:67,11
DA:68,11
DA:69,60
DA:70,60
DA:75,369
DA:76,163
DA:78,163
DA:80,163
DA:81,163
DA:83,163
DA:84,1
DA:85,1
DA:86,1
DA:87,1
DA:90,163
DA:91,15
DA:92,15
DA:93,15
DA:94,15
DA:96,15
DA:97,1
DA:98,1
DA:100,15
DA:101,15
DA:102,15
DA:103,15
DA:104,15
DA:112,163
DA:113,39
DA:114,39
DA:115,36
DA:116,36
DA:118,39
DA:119,39
DA:120,39
DA:121,39
DA:122,39
DA:125,163
DA:126,10
DA:127,10
DA:128,10
DA:129,10
DA:130,1
DA:137,163
DA:138,1630
DA:139,21
DA:140,21
DA:141,21
DA:142,21
DA:143,2
DA:151,163
DA:163,163
DA:165,163
DA:166,1
DA:167,1
DA:169,0
DA:171,1
DA:172,1
DA:173,1
DA:174,1
DA:176,1
DA:177,1
DA:179,1
DA:180,1
DA:181,1
DA:186,369
DA:187,40
DA:189,40
DA:190,0
DA:191,0
DA:193,40
DA:194,40
DA:195,38
DA:196,38
DA:197,38
DA:198,36
DA:202,369
DA:204,257
DA:205,253
DA:207,257
DA:209,257
DA:210,250
DA:211,250
DA:212,249
DA:213,249
DA:220,369
DA:221,143
DA:222,11
DA:223,11
DA:226,132
DA:228,132
DA:229,23
DA:230,23
DA:231,23
DA:232,23
DA:233,23
DA:234,11
DA:235,11
DA:236,11
DA:237,11
DA:241,132
DA:242,14
DA:243,14
DA:244,2
DA:246,2
DA:250,132
DA:251,132
DA:252,132
DA:253,19
DA:259,132
DA:260,19
DA:263,19
DA:265,19
DA:266,23
DA:267,23
DA:268,7
DA:269,6
DA:271,16
DA:272,3
DA:273,2
DA:275,13
DA:276,2
DA:277,11
DA:278,3
DA:279,3
DA:280,3
DA:282,8
DA:283,8
DA:284,8
DA:285,8
DA:287,8
DA:288,8
DA:292,19
DA:294,113
DA:297,132
DA:298,3
DA:299,3
DA:300,3
DA:307,3
DA:311,2
DA:312,2
DA:313,2
DA:315,2
DA:316,2
DA:320,132
DA:321,132
DA:322,11
DA:330,132
DA:331,132
DA:332,132
DA:333,132
DA:334,110
DA:335,132
DA:336,132
DA:337,122
DA:339,132
DA:340,132
DA:341,132
DA:342,19
DA:343,19
DA:345,132
DA:346,132
DA:350,369
LF:198
LH:195
BRDA:35,0,0,132
BRDA:35,0,1,11
BRDA:36,1,0,133
BRDA:36,1,1,10
BRDA:59,2,0,1
BRDA:59,2,1,60
BRDA:59,3,0,61
BRDA:59,3,1,1
BRDA:61,4,0,25
BRDA:61,4,1,35
BRDA:67,5,0,0
BRDA:67,5,1,11
BRDA:69,6,0,60
BRDA:69,6,1,0
BRDA:69,7,0,60
BRDA:69,7,1,60
BRDA:76,8,0,0
BRDA:76,8,1,163
BRDA:78,9,0,36
BRDA:78,9,1,127
BRDA:84,10,0,0
BRDA:84,10,1,1
BRDA:91,11,0,0
BRDA:91,11,1,15
BRDA:92,12,0,15
BRDA:92,12,1,0
BRDA:96,13,0,1
BRDA:96,13,1,14
BRDA:113,14,0,0
BRDA:113,14,1,39
BRDA:114,15,0,36
BRDA:114,15,1,3
BRDA:129,16,0,1
BRDA:129,16,1,9
BRDA:129,17,0,10
BRDA:129,17,1,1
BRDA:142,18,0,2
BRDA:142,18,1,19
BRDA:142,19,0,21
BRDA:142,19,1,2
BRDA:171,20,0,0
BRDA:171,20,1,1
BRDA:172,21,0,1
BRDA:172,21,1,0
BRDA:179,22,0,1
BRDA:179,22,1,0
BRDA:181,23,0,1
BRDA:181,23,1,0
BRDA:187,24,0,0
BRDA:187,24,1,40
BRDA:189,25,0,0
BRDA:189,25,1,40
BRDA:194,26,0,2
BRDA:194,26,1,38
BRDA:198,27,0,36
BRDA:198,27,1,0
BRDA:204,28,0,253
BRDA:204,28,1,4
BRDA:211,29,0,249
BRDA:211,29,1,1
BRDA:213,30,0,245
BRDA:213,30,1,4
BRDA:221,31,0,11
BRDA:221,31,1,132
BRDA:229,32,0,0
BRDA:229,32,1,23
BRDA:229,33,0,23
BRDA:229,33,1,23
BRDA:232,34,0,0
BRDA:232,34,1,23
BRDA:234,35,0,0
BRDA:234,35,1,11
BRDA:242,36,0,6
BRDA:242,36,1,8
BRDA:244,37,0,0
BRDA:244,37,1,2
BRDA:252,38,0,19
BRDA:252,38,1,113
BRDA:259,39,0,19
BRDA:259,39,1,113
BRDA:267,40,0,7
BRDA:267,40,1,16
BRDA:268,41,0,6
BRDA:268,41,1,1
BRDA:271,42,0,3
BRDA:271,42,1,13
BRDA:272,43,0,2
BRDA:272,43,1,1
BRDA:275,44,0,2
BRDA:275,44,1,11
BRDA:277,45,0,3
BRDA:277,45,1,8
BRDA:278,46,0,3
BRDA:278,46,1,0
BRDA:282,47,0,8
BRDA:282,47,1,0
BRDA:283,48,0,8
BRDA:283,48,1,0
BRDA:298,49,0,3
BRDA:298,49,1,0
BRDA:298,50,0,3
BRDA:298,50,1,3
BRDA:307,51,0,2
BRDA:307,51,1,1
BRDA:308,52,0,3
BRDA:308,52,1,2
BRDA:308,52,2,0
BRDA:311,53,0,2
BRDA:311,53,1,0
BRDA:332,54,0,8
BRDA:332,54,1,124
BRDA:333,55,0,110
BRDA:333,55,1,22
BRDA:335,56,0,15
BRDA:335,56,1,117
BRDA:336,57,0,122
BRDA:336,57,1,10
BRDA:339,58,0,11
BRDA:339,58,1,121
BRDA:340,59,0,7
BRDA:340,59,1,125
BRDA:341,60,0,19
BRDA:341,60,1,113
BRF:123
BRH:99
end_of_record
TN:
SF:apps/web/src/features/notifications/hooks/useEventStream.ts
FN:7,useEventStream
FNF:1
FNH:1
FNDA:490,useEventStream
DA:8,490
DA:9,490
DA:10,2
DA:12,488
LF:4
LH:4
BRDA:9,0,0,2
BRDA:9,0,1,488
BRF:2
BRH:2
end_of_record
TN:
SF:apps/web/src/features/notifications/hooks/useEventStreamEvents.ts
FN:7,useEventStreamEvents
FN:10,(anonymous_1)
FN:11,(anonymous_2)
FN:14,(anonymous_3)
FN:14,(anonymous_4)
FNF:5
FNH:5
FNDA:251,useEventStreamEvents
FNDA:95,(anonymous_1)
FNDA:225,(anonymous_2)
FNDA:95,(anonymous_3)
FNDA:225,(anonymous_4)
DA:8,251
DA:10,251
DA:11,95
DA:12,225
DA:14,225
LF:5
LH:5
BRF:0
BRH:0
end_of_record
TN:
SF:apps/web/src/features/notifications/hooks/useNotificationFilters.ts
FN:18,useNotificationFilters
FN:22,(anonymous_1)
FN:24,(anonymous_2)
FN:25,(anonymous_3)
FN:29,(anonymous_4)
FN:30,(anonymous_5)
FN:34,(anonymous_6)
FN:38,(anonymous_7)
FN:39,(anonymous_8)
FNF:9
FNH:9
FNDA:94,useNotificationFilters
FNDA:64,(anonymous_1)
FNDA:25,(anonymous_2)
FNDA:71,(anonymous_3)
FNDA:31,(anonymous_4)
FNDA:115,(anonymous_5)
FNDA:9,(anonymous_6)
FNDA:24,(anonymous_7)
FNDA:24,(anonymous_8)
DA:4,14
DA:19,94
DA:20,94
DA:22,94
DA:23,64
DA:24,64
DA:25,71
DA:26,64
DA:29,94
DA:30,115
DA:34,94
DA:35,9
DA:38,94
DA:39,24
DA:42,94
LF:15
LH:15
BRDA:24,0,0,8
BRDA:24,0,1,56
BRDA:25,1,0,17
BRDA:25,1,1,47
BRDA:39,2,0,10
BRDA:39,2,1,14
BRF:6
BRH:6
end_of_record
TN:
SF:apps/web/src/features/notifications/hooks/useNotificationSelection.ts
FN:4,useNotificationSelection
FN:11,(anonymous_1)
FN:13,(anonymous_2)
FN:16,(anonymous_3)
FN:22,(anonymous_4)
FN:23,(anonymous_5)
FN:31,(anonymous_6)
FNF:7
FNH:7
FNDA:97,useNotificationSelection
FNDA:106,(anonymous_1)
FNDA:7,(anonymous_2)
FNDA:12,(anonymous_3)
FNDA:9,(anonymous_4)
FNDA:9,(anonymous_5)
FNDA:1,(anonymous_6)
DA:7,97
DA:10,97
DA:11,106
DA:13,97
DA:15,7
DA:16,12
DA:22,97
DA:23,9
DA:24,9
DA:25,9
DA:26,2
DA:27,9
DA:31,97
DA:33,97
LF:14
LH:14
BRDA:10,0,0,97
BRDA:10,0,1,91
BRDA:16,1,0,5
BRDA:16,1,1,2
BRDA:25,2,0,7
BRDA:25,2,1,2
BRF:6
BRH:6
end_of_record
TN:
SF:apps/web/src/features/notifications/hooks/usePushNotifications.ts
FN:11,urlBase64ToUint8Array
FN:22,usePushNotifications
FN:28,(anonymous_2)
FN:37,(anonymous_3)
FN:44,(anonymous_4)
FN:65,(anonymous_5)
FN:68,(anonymous_6)
FN:74,(anonymous_7)
FN:80,(anonymous_8)
FN:83,(anonymous_9)
FN:89,(anonymous_10)
FN:90,(anonymous_11)
FN:93,(anonymous_12)
FNF:13
FNH:13
FNDA:1,urlBase64ToUint8Array
FNDA:68,usePushNotifications
FNDA:26,(anonymous_2)
FNDA:19,(anonymous_3)
FNDA:4,(anonymous_4)
FNDA:1,(anonymous_5)
FNDA:3,(anonymous_6)
FNDA:3,(anonymous_7)
FNDA:2,(anonymous_8)
FNDA:1,(anonymous_9)
FNDA:4,(anonymous_10)
FNDA:1,(anonymous_11)
FNDA:3,(anonymous_12)
DA:12,1
DA:13,1
DA:14,1
DA:15,1
DA:16,1
DA:17,4
DA:19,1
DA:23,68
DA:24,68
DA:26,68
DA:28,68
DA:29,26
DA:30,26
DA:31,17
DA:35,68
DA:37,19
DA:41,68
DA:43,68
DA:45,4
DA:46,1
DA:47,1
DA:49,1
DA:54,1
DA:56,1
DA:57,1
DA:66,1
DA:69,3
DA:73,68
DA:75,3
DA:76,1
DA:77,2
DA:81,2
DA:84,1
DA:88,68
DA:89,4
DA:91,1
DA:94,3
DA:98,68
LF:38
LH:38
BRDA:29,0,0,26
BRDA:29,0,1,16
BRDA:30,1,0,17
BRDA:30,1,1,9
BRDA:41,2,0,68
BRDA:41,2,1,53
BRDA:75,3,0,3
BRDA:75,3,1,1
BRDA:76,4,0,2
BRDA:76,4,1,-1
BRF:10
BRH:9
end_of_record
TN:
SF:apps/web/src/features/notifications/lib/query-utils.ts
FN:4,invalidateNotifications
FNF:1
FNH:1
FNDA:13,invalidateNotifications
DA:5,13
DA:6,13
LF:2
LH:2
BRF:0
BRH:0
end_of_record
TN:
SF:apps/web/src/features/notifications/lib/routing.ts
FN:7,isSafeRelativeUrl
FN:11,isValidUuid
FN:15,getNotificationRoute
FNF:3
FNH:3
FNDA:14,isSafeRelativeUrl
FNDA:11,isValidUuid
FNDA:29,getNotificationRoute
DA:3,14
DA:5,14
DA:8,14
DA:12,11
DA:16,29
DA:17,11
DA:19,18
DA:20,18
DA:22,29
DA:26,8
DA:31,8
DA:34,1
DA:37,1
LF:13
LH:13
BRDA:8,0,0,14
BRDA:8,0,1,12
BRDA:8,0,2,11
BRDA:16,1,0,11
BRDA:16,1,1,18
BRDA:16,2,0,29
BRDA:16,2,1,14
BRDA:20,3,0,10
BRDA:20,3,1,8
BRDA:20,4,0,18
BRDA:20,4,1,11
BRDA:22,5,0,3
BRDA:22,5,1,5
BRDA:22,5,2,8
BRDA:22,5,3,4
BRDA:22,5,4,6
BRDA:22,5,5,8
BRDA:22,5,6,1
BRDA:22,5,7,1
BRDA:26,6,0,5
BRDA:26,6,1,3
BRDA:31,7,0,4
BRDA:31,7,1,4
BRF:23
BRH:23
end_of_record
TN:
SF:apps/web/src/features/notifications/server-fns/notifications.ts
FN:15,authenticatedClient
FN:21,(anonymous_1)
FN:31,(anonymous_2)
FN:41,(anonymous_3)
FN:50,(anonymous_4)
FN:56,(anonymous_5)
FN:60,(anonymous_6)
FN:70,(anonymous_7)
FN:77,pendingPushContract
FN:92,(anonymous_9)
FN:95,(anonymous_10)
FN:97,(anonymous_11)
FN:100,(anonymous_12)
FN:103,(anonymous_13)
FNF:14
FNH:14
FNDA:230,authenticatedClient
FNDA:114,(anonymous_1)
FNDA:55,(anonymous_2)
FNDA:6,(anonymous_3)
FNDA:5,(anonymous_4)
FNDA:46,(anonymous_5)
FNDA:134,(anonymous_6)
FNDA:4,(anonymous_7)
FNDA:13,pendingPushContract
FNDA:6,(anonymous_9)
FNDA:2,(anonymous_10)
FNDA:3,(anonymous_11)
FNDA:1,(anonymous_12)
FNDA:1,(anonymous_13)
DA:16,230
DA:17,229
DA:20,14
DA:22,114
DA:26,113
DA:30,14
DA:32,55
DA:35,55
DA:39,14
DA:42,6
DA:48,14
DA:51,5
DA:54,14
DA:57,46
DA:60,134
DA:66,14
DA:71,4
DA:78,13
DA:79,11
DA:84,14
DA:92,6
DA:93,14
DA:95,2
DA:96,14
DA:97,3
DA:99,14
DA:100,1
DA:102,14
DA:103,1
LF:29
LH:29
BRF:0
BRH:0
end_of_record
TN:
SF:apps/web/src/features/projects/index.ts
FNF:0
FNH:0
LF:0
LH:0
BRF:0
BRH:0
end_of_record
TN:
SF:apps/web/src/features/projects/components/ProjectCard.tsx
FN:11,ProjectCard
FN:57,(anonymous_1)
FNF:2
FNH:2
FNDA:80,ProjectCard
FNDA:160,(anonymous_1)
DA:12,80
DA:14,80
DA:58,160
LF:3
LH:3
BRDA:27,0,0,19
BRDA:27,0,1,61
BRDA:66,1,0,80
BRDA:66,1,1,20
BRF:4
BRH:4
end_of_record
TN:
SF:apps/web/src/features/projects/components/ProjectFilter.tsx
FN:14,ProjectFilter
FN:32,(anonymous_1)
FN:50,(anonymous_2)
FN:54,(anonymous_3)
FN:83,(anonymous_4)
FN:101,(anonymous_5)
FN:105,(anonymous_6)
FNF:7
FNH:7
FNDA:44,ProjectFilter
FNDA:1,(anonymous_1)
FNDA:186,(anonymous_2)
FNDA:8,(anonymous_3)
FNDA:1,(anonymous_4)
FNDA:80,(anonymous_5)
FNDA:6,(anonymous_6)
DA:23,44
DA:32,1
DA:51,186
DA:54,8
DA:83,1
DA:102,80
DA:105,6
LF:7
LH:7
BRDA:39,0,0,33
BRDA:39,0,1,11
BRDA:42,1,0,33
BRDA:42,1,1,11
BRDA:61,2,0,11
BRDA:61,2,1,175
BRDA:64,3,0,11
BRDA:64,3,1,175
BRDA:90,4,0,38
BRDA:90,4,1,6
BRDA:93,5,0,38
BRDA:93,5,1,6
BRDA:112,6,0,6
BRDA:112,6,1,74
BRDA:115,7,0,6
BRDA:115,7,1,74
BRF:16
BRH:16
end_of_record
TN:
SF:apps/web/src/features/projects/content/bcordes.tsx
FN:13,Content
FNF:1
FNH:1
FNDA:30,Content
DA:1,8
DA:14,30
LF:2
LH:2
BRF:0
BRH:0
end_of_record
TN:
SF:apps/web/src/features/projects/content/index.ts
FN:25,sorted
FN:26,(anonymous_1)
FN:32,getShowcases
FN:33,(anonymous_3)
FN:36,getShowcase
FN:37,(anonymous_5)
FN:40,getShowcaseContent
FN:41,(anonymous_7)
FN:44,getFeaturedShowcases
FN:46,(anonymous_9)
FN:46,(anonymous_10)
FNF:11
FNH:11
FNDA:38,sorted
FNDA:31,(anonymous_1)
FNDA:26,getShowcases
FNDA:52,(anonymous_3)
FNDA:4,getShowcase
FNDA:7,(anonymous_5)
FNDA:23,getShowcaseContent
FNDA:43,(anonymous_7)
FNDA:12,getFeaturedShowcases
FNDA:24,(anonymous_9)
FNDA:17,(anonymous_10)
DA:20,10
DA:26,38
DA:27,31
DA:28,30
DA:33,52
DA:37,7
DA:41,43
DA:45,12
DA:46,24
LF:9
LH:9
BRDA:27,0,0,1
BRDA:27,0,1,30
BRDA:27,1,0,0
BRDA:27,1,1,1
BRF:4
BRH:3
end_of_record
TN:
SF:apps/web/src/features/projects/content/wallow.tsx
FN:13,Content
FNF:1
FNH:1
FNDA:22,Content
DA:1,8
DA:14,22
LF:2
LH:2
BRF:0
BRH:0
end_of_record
TN:
SF:apps/web/src/routes/__root.tsx
FN:15,DevTools
FN:18,(anonymous_1)
FN:23,(anonymous_2)
FN:48,NotFound
FN:68,RouteError
FN:69,(anonymous_5)
FN:113,(anonymous_6)
FN:174,LoadingOverlay
FN:178,(anonymous_8)
FN:180,(anonymous_9)
FN:181,(anonymous_10)
FN:221,RootDocument
FN:222,(anonymous_12)
FNF:13
FNH:12
FNDA:4,DevTools
FNDA:1,(anonymous_1)
FNDA:1,(anonymous_2)
FNDA:2,NotFound
FNDA:12,RouteError
FNDA:6,(anonymous_5)
FNDA:3,(anonymous_6)
FNDA:4,LoadingOverlay
FNDA:1,(anonymous_8)
FNDA:0,(anonymous_9)
FNDA:1,(anonymous_10)
FNDA:4,RootDocument
FNDA:1,(anonymous_12)
DA:16,4
DA:18,4
DA:19,1
DA:25,1
DA:41,4
DA:49,2
DA:69,12
DA:70,6
DA:73,12
DA:105,3
DA:107,3
DA:108,3
DA:110,3
DA:113,3
DA:175,4
DA:176,4
DA:178,4
DA:179,1
DA:180,1
DA:181,1
DA:184,4
DA:186,4
DA:222,4
DA:223,1
DA:226,4
LF:25
LH:25
BRDA:82,0,0,12
BRDA:82,0,1,10
BRDA:82,0,2,8
BRDA:184,1,0,0
BRDA:184,1,1,4
BRDA:196,2,0,1
BRDA:196,2,1,3
BRDA:240,3,0,4
BRDA:240,3,1,4
BRF:9
BRH:8
end_of_record
TN:
SF:apps/web/src/routes/about.tsx
FN:45,AboutPage
FN:68,(anonymous_1)
FNF:2
FNH:2
FNDA:7,AboutPage
FNDA:28,(anonymous_1)
DA:6,1
DA:14,1
DA:46,7
DA:47,7
DA:49,7
DA:69,28
LF:6
LH:6
BRDA:47,0,0,7
BRDA:47,0,1,5
BRDA:89,1,0,7
BRDA:89,1,1,6
BRF:4
BRH:4
end_of_record
TN:
SF:apps/web/src/routes/contact.tsx
FN:45,ContactPage
FN:70,(anonymous_1)
FNF:2
FNH:2
FNDA:6,ContactPage
FNDA:24,(anonymous_1)
DA:7,1
DA:18,1
DA:46,6
DA:71,24
LF:4
LH:4
BRDA:79,0,0,18
BRDA:79,0,1,6
BRDA:83,1,0,12
BRDA:83,1,1,6
BRDA:86,2,0,12
BRDA:86,2,1,6
BRF:6
BRH:6
end_of_record
TN:
SF:apps/web/src/routes/index.tsx
FN:13,(anonymous_0)
FN:16,HomePage
FNF:2
FNH:2
FNDA:6,(anonymous_0)
FNDA:6,HomePage
DA:11,1
DA:13,6
DA:17,6
DA:18,6
DA:19,6
DA:21,6
LF:6
LH:6
BRDA:19,0,0,6
BRDA:19,0,1,4
BRDA:28,1,0,6
BRDA:28,1,1,5
BRF:4
BRH:4
end_of_record
TN:
SF:apps/web/src/routes/resume.tsx
FN:152,ResumePage
FN:187,(anonymous_1)
FN:202,(anonymous_2)
FN:222,(anonymous_3)
FN:228,(anonymous_4)
FN:250,(anonymous_5)
FNF:6
FNH:6
FNDA:7,ResumePage
FNDA:35,(anonymous_1)
FNDA:147,(anonymous_2)
FNDA:42,(anonymous_3)
FNDA:378,(anonymous_4)
FNDA:7,(anonymous_5)
DA:6,1
DA:10,1
DA:75,1
DA:144,1
DA:153,7
DA:188,35
DA:203,147
DA:223,42
DA:229,378
DA:251,7
LF:10
LH:10
BRF:0
BRH:0
end_of_record
TN:
SF:apps/web/src/routes/api/health.ts
FN:7,(anonymous_0)
FNF:1
FNH:1
FNDA:5,(anonymous_0)
DA:4,5
DA:8,5
DA:9,5
DA:11,4
DA:12,3
DA:18,1
DA:24,1
LF:7
LH:7
BRDA:11,0,0,3
BRDA:11,0,1,1
BRF:2
BRH:2
end_of_record
TN:
SF:apps/web/src/routes/auth/error.tsx
FN:33,(anonymous_0)
FN:39,AuthErrorPage
FNF:2
FNH:2
FNDA:34,(anonymous_0)
FNDA:8,AuthErrorPage
DA:3,1
DA:26,1
DA:32,1
DA:33,34
DA:40,8
DA:41,8
DA:44,8
DA:46,8
LF:8
LH:8
BRDA:34,0,0,34
BRDA:34,0,1,3
BRDA:44,1,0,8
BRDA:44,1,1,2
BRF:4
BRH:4
end_of_record
TN:
SF:apps/web/src/routes/auth/me.ts
FN:10,(anonymous_0)
FNF:1
FNH:1
FNDA:2,(anonymous_0)
DA:5,1
DA:7,1
DA:11,2
DA:12,2
DA:13,2
LF:5
LH:5
BRDA:13,0,0,2
BRDA:13,0,1,1
BRF:2
BRH:2
end_of_record
TN:
SF:apps/web/src/routes/dashboard/inquiries.$id.tsx
FN:18,(anonymous_0)
FN:20,(anonymous_1)
FN:30,(anonymous_2)
FN:57,InquiryDetailPage
FN:65,(anonymous_4)
FN:66,(anonymous_5)
FN:67,(anonymous_6)
FN:71,(anonymous_7)
FN:173,(anonymous_8)
FN:207,(anonymous_9)
FN:232,(anonymous_10)
FN:242,(anonymous_11)
FNF:12
FNH:8
FNDA:29,(anonymous_0)
FNDA:28,(anonymous_1)
FNDA:0,(anonymous_2)
FNDA:55,InquiryDetailPage
FNDA:0,(anonymous_4)
FNDA:0,(anonymous_5)
FNDA:0,(anonymous_6)
FNDA:8,(anonymous_7)
FNDA:13,(anonymous_8)
FNDA:4,(anonymous_9)
FNDA:4,(anonymous_10)
FNDA:1,(anonymous_11)
DA:17,8
DA:19,29
DA:21,28
DA:26,28
DA:27,28
DA:31,0
DA:49,8
DA:58,55
DA:59,55
DA:60,55
DA:61,55
DA:62,55
DA:64,55
DA:65,0
DA:66,0
DA:67,0
DA:69,55
DA:71,8
DA:73,55
DA:174,13
DA:208,4
DA:209,4
DA:210,4
DA:211,4
DA:212,4
DA:219,3
DA:220,3
DA:221,3
DA:223,1
DA:225,4
DA:232,4
DA:243,1
LF:32
LH:28
BRDA:69,0,0,9
BRDA:69,0,1,46
BRDA:89,1,0,55
BRDA:89,1,1,0
BRDA:112,2,0,55
BRDA:112,2,1,53
BRDA:120,3,0,55
BRDA:120,3,1,53
BRDA:128,4,0,55
BRDA:128,4,1,53
BRDA:136,5,0,55
BRDA:136,5,1,53
BRDA:169,6,0,44
BRDA:169,6,1,11
BRDA:177,7,0,3
BRDA:177,7,1,10
BRDA:187,8,0,13
BRDA:187,8,1,3
BRDA:209,9,0,0
BRDA:209,9,1,4
BRDA:237,10,0,55
BRDA:237,10,1,9
BRDA:257,11,0,55
BRDA:257,11,1,51
BRDA:261,12,0,4
BRDA:261,12,1,51
BRF:26
BRH:24
end_of_record
TN:
SF:apps/web/src/routes/dashboard/inquiries.index.tsx
FN:34,(anonymous_0)
FN:36,(anonymous_1)
FN:53,DashboardInquiriesPage
FN:59,(anonymous_3)
FN:60,(anonymous_4)
FN:61,(anonymous_5)
FN:64,handleRefresh
FN:73,handleStatusChange
FN:92,(anonymous_8)
FN:158,(anonymous_9)
FN:162,(anonymous_10)
FN:190,(anonymous_11)
FN:194,(anonymous_12)
FNF:13
FNH:10
FNDA:53,(anonymous_0)
FNDA:51,(anonymous_1)
FNDA:98,DashboardInquiriesPage
FNDA:0,(anonymous_3)
FNDA:0,(anonymous_4)
FNDA:0,(anonymous_5)
FNDA:4,handleRefresh
FNDA:6,handleStatusChange
FNDA:106,(anonymous_8)
FNDA:106,(anonymous_9)
FNDA:3,(anonymous_10)
FNDA:12,(anonymous_11)
FNDA:6,(anonymous_12)
DA:33,8
DA:35,53
DA:37,51
DA:41,50
DA:42,50
DA:47,8
DA:54,98
DA:55,98
DA:56,98
DA:58,98
DA:59,0
DA:60,0
DA:61,0
DA:65,4
DA:66,4
DA:67,4
DA:69,4
DA:74,6
DA:80,0
DA:81,6
DA:82,6
DA:83,5
DA:85,1
DA:86,1
DA:92,106
DA:94,98
DA:159,106
DA:163,3
DA:190,12
DA:195,6
DA:196,6
LF:31
LH:27
BRDA:74,0,0,0
BRDA:74,0,1,6
BRDA:75,1,0,6
BRDA:75,1,1,5
BRDA:75,1,2,4
BRDA:75,1,3,3
BRDA:101,2,0,98
BRDA:101,2,1,80
BRDA:115,3,0,4
BRDA:115,3,1,94
BRDA:123,4,0,4
BRDA:123,4,1,94
BRDA:130,5,0,2
BRDA:130,5,1,2
BRDA:176,6,0,106
BRDA:176,6,1,2
BRDA:179,7,0,104
BRDA:179,7,1,2
BRDA:180,8,0,104
BRDA:180,8,1,2
BRDA:185,9,0,106
BRDA:185,9,1,2
BRDA:191,10,0,17
BRDA:191,10,1,89
BRDA:195,11,0,6
BRDA:195,11,1,0
BRDA:202,12,0,17
BRDA:202,12,1,0
BRDA:232,13,0,89
BRDA:232,13,1,2
BRDA:234,14,0,89
BRDA:234,14,1,2
BRDA:246,15,0,98
BRDA:246,15,1,94
BRDA:249,16,0,10
BRDA:249,16,1,84
BRF:36
BRH:33
end_of_record
TN:
SF:apps/web/src/routes/dashboard/inquiries.tsx
FN:4,(anonymous_0)
FNF:1
FNH:1
FNDA:59,(anonymous_0)
DA:3,8
DA:4,59
LF:2
LH:2
BRF:0
BRH:0
end_of_record
TN:
SF:apps/web/src/routes/dashboard/notifications.index.tsx
FN:51,(anonymous_0)
FN:53,(anonymous_1)
FN:60,NotificationsIndexPage
FN:66,(anonymous_3)
FN:83,(anonymous_4)
FN:87,(anonymous_5)
FN:88,(anonymous_6)
FN:91,(anonymous_7)
FN:97,(anonymous_8)
FN:98,(anonymous_9)
FN:102,(anonymous_10)
FN:107,(anonymous_11)
FN:151,(anonymous_12)
FN:156,(anonymous_13)
FN:172,(anonymous_14)
FN:183,(anonymous_15)
FN:208,(anonymous_16)
FNF:17
FNH:16
FNDA:24,(anonymous_0)
FNDA:23,(anonymous_1)
FNDA:80,NotificationsIndexPage
FNDA:46,(anonymous_3)
FNDA:1,(anonymous_4)
FNDA:1,(anonymous_5)
FNDA:0,(anonymous_6)
FNDA:1,(anonymous_7)
FNDA:3,(anonymous_8)
FNDA:2,(anonymous_9)
FNDA:1,(anonymous_10)
FNDA:2,(anonymous_11)
FNDA:560,(anonymous_12)
FNDA:20,(anonymous_13)
FNDA:3,(anonymous_14)
FNDA:3,(anonymous_15)
FNDA:257,(anonymous_16)
DA:40,8
DA:50,8
DA:52,24
DA:54,23
DA:55,22
DA:61,80
DA:62,80
DA:63,80
DA:64,80
DA:66,46
DA:77,80
DA:80,80
DA:82,80
DA:83,1
DA:86,80
DA:87,1
DA:89,0
DA:92,1
DA:96,80
DA:97,3
DA:99,2
DA:100,2
DA:103,1
DA:107,80
DA:109,2
DA:110,1
DA:112,2
DA:117,80
DA:152,560
DA:156,20
DA:172,3
DA:183,3
DA:209,257
LF:33
LH:32
BRDA:64,0,0,80
BRDA:109,1,0,1
BRDA:109,1,1,1
BRDA:126,2,0,80
BRDA:126,2,1,62
BRDA:140,3,0,4
BRDA:140,3,1,76
BRDA:154,4,0,17
BRDA:154,4,1,543
BRDA:158,5,0,17
BRDA:158,5,1,543
BRDA:168,6,0,80
BRDA:168,6,1,75
BRDA:176,7,0,9
BRDA:176,7,1,66
BRDA:184,8,0,75
BRDA:184,8,1,74
BRDA:187,9,0,1
BRDA:187,9,1,74
BRDA:197,10,0,5
BRDA:197,10,1,75
BRDA:201,11,0,3
BRDA:201,11,1,2
BRDA:201,12,0,5
BRDA:201,12,1,3
BRF:25
BRH:25
end_of_record
TN:
SF:apps/web/src/routes/dashboard/notifications.tsx
FN:4,(anonymous_0)
FNF:1
FNH:1
FNDA:25,(anonymous_0)
DA:3,8
DA:4,25
LF:2
LH:2
BRF:0
BRH:0
end_of_record
TN:
SF:apps/web/src/routes/dashboard/settings.index.tsx
FN:30,(anonymous_0)
FN:32,(anonymous_1)
FN:68,SettingsPage
FN:74,(anonymous_3)
FN:81,isChannelEnabled
FN:82,(anonymous_5)
FN:86,handleToggle
FN:90,(anonymous_7)
FN:91,(anonymous_8)
FN:92,(anonymous_9)
FN:111,handlePushToggle
FN:125,handleSendTest
FN:134,renderPushControl
FN:192,(anonymous_13)
FN:216,(anonymous_14)
FNF:15
FNH:15
FNDA:17,(anonymous_0)
FNDA:16,(anonymous_1)
FNDA:38,SettingsPage
FNDA:29,(anonymous_3)
FNDA:114,isChannelEnabled
FNDA:227,(anonymous_5)
FNDA:5,handleToggle
FNDA:5,(anonymous_7)
FNDA:10,(anonymous_8)
FNDA:12,(anonymous_9)
FNDA:3,handlePushToggle
FNDA:2,handleSendTest
FNDA:38,renderPushControl
FNDA:152,(anonymous_13)
FNDA:5,(anonymous_14)
DA:29,8
DA:31,17
DA:32,16
DA:41,8
DA:69,38
DA:70,38
DA:72,38
DA:74,29
DA:79,38
DA:82,227
DA:83,114
DA:87,5
DA:90,5
DA:91,10
DA:93,12
DA:98,5
DA:99,5
DA:100,3
DA:103,2
DA:104,2
DA:105,2
DA:109,38
DA:112,3
DA:113,3
DA:114,2
DA:115,1
DA:117,1
DA:118,1
DA:121,1
DA:126,2
DA:127,2
DA:128,1
DA:130,1
DA:135,38
DA:136,26
DA:146,12
DA:147,1
DA:159,11
DA:174,38
DA:193,152
DA:194,152
DA:195,152
DA:217,5
LF:43
LH:43
BRDA:83,0,0,114
BRDA:83,0,1,1
BRDA:91,1,0,4
BRDA:91,1,1,1
BRDA:93,2,0,4
BRDA:93,2,1,8
BRDA:113,3,0,2
BRDA:113,3,1,1
BRDA:135,4,0,26
BRDA:135,4,1,12
BRDA:146,5,0,1
BRDA:146,5,1,11
BRDA:161,6,0,11
BRDA:161,6,1,6
BRDA:211,7,0,38
BRDA:211,7,1,114
BRF:16
BRH:16
end_of_record
TN:
SF:apps/web/src/routes/dashboard/settings.tsx
FN:4,(anonymous_0)
FNF:1
FNH:1
FNDA:16,(anonymous_0)
DA:3,8
DA:4,16
LF:2
LH:2
BRF:0
BRH:0
end_of_record
TN:
SF:apps/web/src/routes/projects/$slug.tsx
FN:10,(anonymous_0)
FN:12,(anonymous_1)
FN:16,(anonymous_2)
FN:36,(anonymous_3)
FN:57,ShowcaseDetailPage
FN:87,(anonymous_5)
FNF:6
FNH:6
FNDA:26,(anonymous_0)
FNDA:40,(anonymous_1)
FNDA:26,(anonymous_2)
FNDA:6,(anonymous_3)
FNDA:20,ShowcaseDetailPage
FNDA:69,(anonymous_5)
DA:8,6
DA:11,26
DA:12,40
DA:13,26
DA:14,20
DA:17,26
DA:18,20
DA:19,20
DA:20,20
DA:37,6
DA:58,20
DA:59,20
DA:61,20
DA:88,69
LF:14
LH:14
BRDA:13,0,0,6
BRDA:13,0,1,20
BRDA:17,1,0,6
BRDA:17,1,1,20
BRDA:30,2,0,12
BRDA:30,2,1,8
BRDA:99,3,0,20
BRDA:99,3,1,12
BRDA:116,4,0,11
BRDA:116,4,1,9
BRF:10
BRH:10
end_of_record
TN:
SF:apps/web/src/routes/projects/index.tsx
FN:9,(anonymous_0)
FN:10,(anonymous_1)
FN:29,WorkPage
FN:35,(anonymous_3)
FN:39,(anonymous_4)
FN:40,(anonymous_5)
FN:46,(anonymous_6)
FN:50,(anonymous_7)
FN:51,(anonymous_8)
FN:54,(anonymous_9)
FN:63,(anonymous_10)
FN:67,(anonymous_11)
FN:108,(anonymous_12)
FN:122,(anonymous_13)
FN:155,(anonymous_14)
FNF:15
FNH:15
FNDA:24,(anonymous_0)
FNDA:24,(anonymous_1)
FNDA:37,WorkPage
FNDA:24,(anonymous_3)
FNDA:52,(anonymous_4)
FNDA:132,(anonymous_5)
FNDA:12,(anonymous_6)
FNDA:37,(anonymous_7)
FNDA:91,(anonymous_8)
FNDA:49,(anonymous_9)
FNDA:6,(anonymous_10)
FNDA:5,(anonymous_11)
FNDA:1,(anonymous_12)
FNDA:68,(anonymous_13)
FNDA:1,(anonymous_14)
DA:7,6
DA:9,24
DA:10,24
DA:30,37
DA:32,37
DA:33,37
DA:35,37
DA:36,24
DA:37,24
DA:39,24
DA:40,132
DA:41,52
DA:44,24
DA:46,12
DA:50,37
DA:51,37
DA:53,91
DA:55,49
DA:58,91
DA:59,91
DA:63,37
DA:64,6
DA:67,37
DA:68,5
DA:71,37
DA:109,1
DA:110,1
DA:123,68
DA:156,1
DA:157,1
LF:30
LH:30
BRDA:53,0,0,91
BRDA:53,0,1,30
BRDA:58,1,0,91
BRDA:58,1,1,15
BRDA:59,2,0,91
BRDA:59,2,1,73
BRDA:105,3,0,37
BRDA:105,3,1,27
BRDA:105,3,2,11
BRDA:120,4,0,32
BRDA:120,4,1,5
BRF:11
BRH:11
end_of_record
TN:
SF:apps/web/src/shared/auth/index.ts
FNF:0
FNH:0
LF:0
LH:0
BRF:0
BRH:0
end_of_record
TN:
SF:apps/web/src/shared/auth/hooks/useUser.ts
FN:4,fetchUser
FN:10,useUser
FN:21,useRequireUser
FNF:3
FNH:3
FNDA:4,fetchUser
FNDA:277,useUser
FNDA:4,useRequireUser
DA:5,4
DA:6,4
DA:7,2
DA:11,277
DA:18,277
DA:22,4
DA:23,4
LF:7
LH:7
BRDA:6,0,0,2
BRDA:6,0,1,2
BRDA:18,1,0,277
BRDA:18,1,1,12
BRF:4
BRH:4
end_of_record
TN:
SF:apps/web/src/shared/auth/server-fns/auth.ts
FN:7,(anonymous_0)
FN:12,(anonymous_1)
FNF:2
FNH:2
FNDA:131,(anonymous_0)
FNDA:81,(anonymous_1)
DA:5,12
DA:8,131
DA:11,12
DA:13,81
DA:14,81
LF:5
LH:5
BRDA:14,0,0,81
BRDA:14,0,1,1
BRDA:14,1,0,81
BRDA:14,1,1,1
BRF:4
BRH:4
end_of_record
TN:
SF:apps/web/src/shared/motion/index.ts
FNF:0
FNH:0
LF:0
LH:0
BRF:0
BRH:0
end_of_record
TN:
SF:apps/web/src/shared/motion/components/FadeInView.tsx
FN:12,FadeInView
FNF:1
FNH:1
FNDA:1439,FadeInView
DA:18,1439
DA:19,1439
DA:21,1439
LF:3
LH:3
BRDA:15,0,0,1439
BRDA:16,1,0,1439
BRDA:26,2,0,749
BRDA:26,2,1,690
BRDA:28,3,0,1
BRDA:28,3,1,689
BRDA:34,4,0,749
BRDA:34,4,1,690
BRF:8
BRH:8
end_of_record
TN:
SF:apps/web/src/shared/motion/hooks/useReducedMotion.ts
FN:3,useReducedMotion
FN:6,(anonymous_1)
FN:10,(anonymous_2)
FN:15,(anonymous_3)
FNF:4
FNH:4
FNDA:1448,useReducedMotion
FNDA:693,(anonymous_1)
FNDA:5,(anonymous_2)
FNDA:693,(anonymous_3)
DA:4,1448
DA:6,1448
DA:7,693
DA:8,693
DA:10,693
DA:11,5
DA:14,693
DA:15,693
DA:18,1448
LF:9
LH:9
BRF:0
BRH:0
end_of_record
TN:
SF:apps/web/src/shared/motion/hooks/useScrollAnimation.ts
FN:9,useScrollAnimation
FN:16,(anonymous_1)
FN:20,(anonymous_2)
FN:36,(anonymous_3)
FNF:4
FNH:4
FNDA:1452,useScrollAnimation
FNDA:695,(anonymous_1)
FNDA:7,(anonymous_2)
FNDA:694,(anonymous_3)
DA:12,1452
DA:13,1452
DA:14,1452
DA:16,1452
DA:17,695
DA:18,695
DA:20,694
DA:22,7
DA:23,6
DA:24,6
DA:25,4
DA:27,1
DA:28,1
DA:34,694
DA:36,694
DA:37,694
DA:41,1452
LF:17
LH:17
BRDA:10,0,0,1452
BRDA:12,1,0,1452
BRDA:12,2,0,1452
BRDA:12,3,0,1452
BRDA:18,4,0,1
BRDA:18,4,1,694
BRDA:22,5,0,6
BRDA:22,5,1,1
BRDA:24,6,0,4
BRDA:24,6,1,2
BRDA:27,7,0,1
BRDA:27,7,1,0
BRF:12
BRH:11
end_of_record
TN:
SF:packages/auth/src/bff.ts
FN:12,getBff
FN:29,(anonymous_1)
FNF:2
FNH:1
FNDA:74,getBff
FNDA:0,(anonymous_1)
DA:13,74
DA:14,5
DA:15,1
DA:17,4
DA:18,4
DA:19,1
DA:21,3
DA:29,0
DA:32,72
LF:9
LH:8
BRDA:13,0,0,5
BRDA:13,0,1,69
BRDA:14,1,0,1
BRDA:14,1,1,4
BRDA:18,2,0,1
BRDA:18,2,1,3
BRDA:18,3,0,4
BRDA:18,3,1,1
BRDA:25,4,0,3
BRDA:25,4,1,0
BRDA:27,5,0,5
BRDA:27,5,1,1
BRF:12
BRH:11
end_of_record
TN:
SF:packages/auth/src/index.ts
FNF:0
FNH:0
LF:0
LH:0
BRF:0
BRH:0
end_of_record
TN:
SF:packages/auth/src/middleware.ts
FN:8,getAuthUser
FN:34,requireAuth
FN:43,requireAdmin
FNF:3
FNH:3
FNDA:574,getAuthUser
FNDA:483,requireAuth
FNDA:9,requireAdmin
DA:9,574
DA:10,574
DA:11,559
DA:12,559
DA:13,559
DA:14,557
DA:15,554
DA:29,2
DA:30,1
DA:35,483
DA:36,482
DA:37,13
DA:38,13
DA:40,469
DA:44,9
DA:45,9
DA:46,2
DA:48,7
LF:18
LH:18
BRDA:10,0,0,15
BRDA:10,0,1,559
BRDA:14,1,0,3
BRDA:14,1,1,554
BRDA:14,2,0,557
BRDA:14,2,1,556
BRDA:18,3,0,554
BRDA:18,3,1,8
BRDA:18,3,2,4
BRDA:18,3,3,3
BRDA:22,4,0,574
BRDA:22,4,1,7
BRDA:23,5,0,574
BRDA:23,5,1,7
BRDA:24,6,0,574
BRDA:24,6,1,5
BRDA:25,7,0,574
BRDA:25,7,1,550
BRDA:26,8,0,574
BRDA:26,8,1,554
BRDA:29,9,0,1
BRDA:29,9,1,1
BRDA:29,10,0,2
BRDA:29,10,1,2
BRDA:36,11,0,13
BRDA:36,11,1,469
BRDA:37,12,0,10
BRDA:37,12,1,3
BRDA:45,13,0,2
BRDA:45,13,1,7
BRF:30
BRH:30
end_of_record
TN:
SF:packages/auth/src/redact.ts
FN:3,redact
FN:9,redactUser
FNF:2
FNH:2
FNDA:7,redact
FNDA:2,redactUser
DA:4,7
DA:5,4
DA:6,2
DA:15,2
LF:4
LH:4
BRDA:4,0,0,3
BRDA:4,0,1,4
BRDA:5,1,0,2
BRDA:5,1,1,2
BRF:4
BRH:4
end_of_record
TN:
SF:packages/auth/src/sdk.ts
FN:7,createRequestSdk
FN:14,(anonymous_1)
FNF:2
FNH:2
FNDA:12,createRequestSdk
FNDA:12,(anonymous_1)
DA:8,12
DA:9,12
DA:10,12
DA:11,12
DA:16,12
DA:17,12
DA:18,1
DA:19,12
DA:20,24
DA:21,24
DA:24,12
DA:27,12
DA:28,12
DA:29,12
DA:30,12
LF:15
LH:15
BRDA:13,0,0,12
BRDA:13,0,1,1
BRDA:16,1,0,12
BRDA:16,1,1,0
BRDA:17,2,0,1
BRDA:17,2,1,11
BRDA:21,3,0,2
BRDA:21,3,1,22
BRDA:24,4,0,0
BRDA:24,4,1,12
BRDA:24,5,0,12
BRDA:24,5,1,0
BRDA:29,6,0,0
BRDA:29,6,1,12
BRF:14
BRH:10
end_of_record
TN:
SF:packages/auth/src/session.ts
FN:5,getSession
FN:10,hasSessionReference
FNF:2
FNH:2
FNDA:24,getSession
FNDA:2,hasSessionReference
DA:6,24
DA:7,24
DA:11,2
LF:3
LH:3
BRF:0
BRH:0
end_of_record
TN:
SF:packages/auth/src/testing/index.ts
FN:3,createMockUser
FN:16,createMockAdminUser
FN:27,createMockSession
FN:50,createMockAdminSession
FNF:4
FNH:4
FNDA:211,createMockUser
FNDA:4,createMockAdminUser
FNDA:567,createMockSession
FNDA:3,createMockAdminSession
DA:4,211
DA:17,4
DA:30,567
DA:53,3
LF:4
LH:4
BRDA:3,0,0,211
BRDA:16,1,0,4
BRDA:28,2,0,567
BRDA:51,3,0,3
BRF:4
BRH:4
end_of_record
TN:
SF:packages/authz/src/index.ts
FN:7,hasRole
FN:12,hasAnyRole
FN:16,(anonymous_2)
FN:21,hasPermission
FN:26,can
FN:33,(anonymous_5)
FNF:6
FNH:6
FNDA:8,hasRole
FNDA:3,hasAnyRole
FNDA:4,(anonymous_2)
FNDA:10,hasPermission
FNDA:9,can
FNDA:10,(anonymous_5)
DA:8,8
DA:13,3
DA:16,4
DA:22,10
DA:31,9
DA:32,8
DA:34,10
LF:7
LH:7
BRDA:8,0,0,8
BRDA:8,0,1,7
BRDA:14,1,0,3
BRDA:14,1,1,3
BRDA:14,1,2,2
BRDA:22,2,0,10
BRDA:22,2,1,10
BRDA:31,3,0,1
BRDA:31,3,1,8
BRDA:33,4,0,8
BRDA:33,4,1,7
BRDA:34,5,0,10
BRDA:34,5,1,1
BRF:13
BRH:13
end_of_record
TN:
SF:packages/forms/src/SelectFormField.tsx
FN:40,SelectFormField
FN:54,(anonymous_1)
FN:71,(anonymous_2)
FNF:3
FNH:3
FNDA:118,SelectFormField
FNDA:134,(anonymous_1)
FNDA:525,(anonymous_2)
DA:37,5
DA:38,5
DA:50,118
DA:55,134
DA:72,525
LF:5
LH:5
BRDA:57,0,0,134
BRDA:57,0,1,125
BRF:2
BRH:2
end_of_record
TN:
SF:packages/forms/src/form.tsx
FN:27,(anonymous_0)
FN:40,(anonymous_1)
FN:71,FormItem
FN:85,FormLabel
FN:102,FormControl
FN:119,FormDescription
FN:132,FormMessage
FNF:7
FNH:7
FNDA:308,(anonymous_0)
FNDA:1119,(anonymous_1)
FNDA:338,FormItem
FNDA:367,FormLabel
FNDA:367,FormControl
FNDA:15,FormDescription
FNDA:367,FormMessage
DA:1,5
DA:14,5
DA:23,5
DA:27,5
DA:33,308
DA:40,5
DA:41,1119
DA:42,1119
DA:43,1119
DA:44,1119
DA:45,1119
DA:47,1119
DA:48,0
DA:51,1116
DA:53,1116
DA:67,5
DA:72,338
DA:74,338
DA:89,367
DA:91,367
DA:106,367
DA:108,367
DA:120,15
DA:122,15
DA:133,367
DA:134,367
DA:136,367
DA:137,351
DA:140,16
LF:29
LH:28
BRDA:47,0,0,0
BRDA:47,0,1,1119
BRDA:111,1,0,351
BRDA:111,1,1,16
BRDA:134,2,0,16
BRDA:134,2,1,351
BRDA:134,3,0,16
BRDA:134,3,1,0
BRDA:136,4,0,351
BRDA:136,4,1,16
BRF:10
BRH:8
end_of_record
TN:
SF:packages/forms/src/index.ts
FNF:0
FNH:0
LF:0
LH:0
BRF:0
BRH:0
end_of_record
TN:
SF:packages/logger/src/index.ts
FNF:0
FNH:0
DA:3,10
DA:5,10
LF:2
LH:2
BRDA:5,0,0,9
BRDA:5,0,1,1
BRDA:7,1,0,9
BRDA:7,1,1,9
BRDA:13,2,0,1
BRDA:13,2,1,1
BRF:6
BRH:6
end_of_record
TN:
SF:packages/navigation/src/MainNav.tsx
FN:26,MainNav
FN:42,(anonymous_1)
FNF:2
FNH:2
FNDA:22,MainNav
FNDA:66,(anonymous_1)
DA:1,7
DA:32,22
DA:43,66
LF:3
LH:3
BRDA:35,0,0,0
BRDA:35,0,1,22
BRDA:65,1,0,22
BRDA:65,1,1,15
BRF:4
BRH:3
end_of_record
TN:
SF:packages/navigation/src/MobileNav.tsx
FN:37,MobileNav
FN:71,(anonymous_1)
FNF:2
FNH:2
FNDA:41,MobileNav
FNDA:148,(anonymous_1)
DA:1,7
DA:48,41
DA:72,148
LF:3
LH:3
BRDA:41,0,0,41
BRDA:42,1,0,41
BRDA:69,2,0,41
BRDA:69,2,1,2
BRDA:86,3,0,41
BRDA:86,3,1,37
BRF:6
BRH:6
end_of_record
TN:
SF:packages/navigation/src/index.ts
FNF:0
FNH:0
LF:0
LH:0
BRF:0
BRH:0
end_of_record
TN:
SF:packages/query/src/devtools.tsx
FNF:0
FNH:0
LF:0
LH:0
BRF:0
BRH:0
end_of_record
TN:
SF:packages/query/src/index.ts
FNF:0
FNH:0
LF:0
LH:0
BRF:0
BRH:0
end_of_record
TN:
SF:packages/query/src/root-provider.tsx
FN:3,getContext
FN:15,Provider
FNF:2
FNH:2
FNDA:234,getContext
FNDA:234,Provider
DA:4,234
DA:5,234
DA:16,234
LF:3
LH:3
BRF:0
BRH:0
end_of_record
TN:
SF:packages/server/src/index.ts
FNF:0
FNH:0
LF:0
LH:0
BRF:0
BRH:0
end_of_record
TN:
SF:packages/server/src/security-headers.ts
FN:2,applySecurityHeaders
FNF:1
FNH:1
FNDA:25,applySecurityHeaders
DA:3,25
DA:4,25
DA:8,25
DA:9,25
DA:10,25
DA:11,25
DA:12,25
DA:13,1
DA:18,25
LF:9
LH:9
BRDA:12,0,0,1
BRDA:12,0,1,24
BRF:2
BRH:2
end_of_record
TN:
SF:packages/test-utils/src/index.ts
FNF:0
FNH:0
LF:0
LH:0
BRF:0
BRH:0
end_of_record
TN:
SF:packages/test-utils/src/render.tsx
FN:6,createTestQueryClient
FN:21,Providers
FN:28,renderWithProviders
FNF:3
FNH:3
FNDA:34,createTestQueryClient
FNDA:34,Providers
FNDA:32,renderWithProviders
DA:7,34
DA:22,34
DA:23,34
DA:32,32
LF:4
LH:4
BRF:0
BRH:0
end_of_record
TN:
SF:packages/test-utils/src/setup.ts
FN:9,observe
FN:10,unobserve
FN:11,disconnect
FN:22,scrollIntoView
FN:32,get
FN:38,(anonymous_5)
FNF:6
FNH:6
FNDA:230,observe
FNDA:2,unobserve
FNDA:107,disconnect
FNDA:8,scrollIntoView
FNDA:119,get
FNDA:649,(anonymous_5)
DA:7,84
DA:13,84
DA:18,84
DA:22,83
DA:26,84
DA:30,83
DA:33,119
DA:38,84
DA:39,649
LF:9
LH:9
BRDA:7,0,0,84
BRDA:7,0,1,0
BRDA:18,1,0,83
BRDA:18,1,1,1
BRDA:19,2,0,84
BRDA:19,2,1,83
BRDA:26,3,0,83
BRDA:26,3,1,1
BRDA:27,4,0,84
BRDA:27,4,1,83
BRF:10
BRH:9
end_of_record
TN:
SF:packages/utils/src/format.ts
FN:7,formatRelativeTime
FN:29,formatDateTime
FNF:2
FNH:2
FNDA:312,formatRelativeTime
FNDA:179,formatDateTime
DA:8,312
DA:9,312
DA:10,312
DA:12,312
DA:14,309
DA:15,309
DA:16,289
DA:19,20
DA:20,20
DA:25,20
DA:30,179
LF:11
LH:11
BRDA:12,0,0,3
BRDA:12,0,1,309
BRDA:15,1,0,289
BRDA:15,1,1,20
BRF:4
BRH:4
end_of_record
TN:
SF:packages/utils/src/index.ts
FNF:0
FNH:0
LF:0
LH:0
BRF:0
BRH:0
end_of_record
TN:
SF:packages/utils/src/utils.ts
FN:5,cn
FNF:1
FNH:1
FNDA:10752,cn
DA:6,10752
LF:1
LH:1
BRF:0
BRH:0
end_of_record
TN:
SF:packages/valkey/src/client.ts
FN:7,getValkey
FN:15,retryStrategy
FN:21,(anonymous_2)
FN:24,(anonymous_3)
FNF:4
FNH:1
FNDA:21,getValkey
FNDA:0,retryStrategy
FNDA:0,(anonymous_2)
FNDA:0,(anonymous_3)
DA:8,21
DA:9,7
DA:10,7
DA:11,1
DA:13,6
DA:16,0
DA:17,0
DA:21,6
DA:22,0
DA:24,6
DA:28,20
LF:11
LH:8
BRDA:8,0,0,7
BRDA:8,0,1,14
BRDA:10,1,0,1
BRDA:10,1,1,6
BRDA:16,2,0,0
BRDA:16,2,1,0
BRF:6
BRH:4
end_of_record
TN:
SF:packages/valkey/src/index.ts
FNF:0
FNH:0
LF:0
LH:0
BRF:0
BRH:0
end_of_record
TN:
SF:packages/valkey/src/keys.ts
FN:2,session
FN:5,sessionLock
FN:8,serviceToken
FN:11,serviceTokenLock
FN:14,oidcConfig
FNF:5
FNH:5
FNDA:1,session
FNDA:1,sessionLock
FNDA:1,serviceToken
FNDA:1,serviceTokenLock
FNDA:1,oidcConfig
DA:1,11
DA:3,1
DA:6,1
DA:9,1
DA:12,1
DA:15,1
LF:6
LH:6
BRF:0
BRH:0
end_of_record
TN:
SF:packages/valkey/src/sdk.ts
FN:5,getSdkRedis
FN:8,(anonymous_1)
FN:9,(anonymous_2)
FN:17,(anonymous_3)
FN:18,(anonymous_4)
FN:19,(anonymous_5)
FN:20,(anonymous_6)
FN:21,(anonymous_7)
FNF:8
FNH:8
FNDA:8,getSdkRedis
FNDA:76,(anonymous_1)
FNDA:24,(anonymous_2)
FNDA:14,(anonymous_3)
FNDA:15,(anonymous_4)
FNDA:13,(anonymous_5)
FNDA:23,(anonymous_6)
FNDA:13,(anonymous_7)
DA:6,8
DA:7,8
DA:8,76
DA:10,24
DA:11,6
DA:12,18
DA:13,14
DA:14,4
DA:15,2
DA:17,14
DA:18,15
DA:19,13
DA:20,23
DA:22,13
LF:14
LH:14
BRDA:10,0,0,6
BRDA:10,0,1,18
BRDA:10,1,0,24
BRDA:10,1,1,20
BRDA:12,2,0,14
BRDA:12,2,1,4
BRDA:14,3,0,2
BRDA:14,3,1,2
BRF:8
BRH:8
end_of_record
TN:
SF:packages/wallow/src/client.ts
FNF:0
FNH:0
LF:0
LH:0
BRF:0
BRH:0
end_of_record
TN:
SF:packages/wallow/src/index.ts
FNF:0
FNH:0
LF:0
LH:0
BRF:0
BRH:0
end_of_record
TN:
SF:packages/wallow/src/service-client.ts
FN:6,getInquiryService
FNF:1
FNH:1
FNDA:2,getInquiryService
DA:7,2
DA:10,2
LF:2
LH:2
BRF:0
BRH:0
end_of_record
